e:\grov\oop\patterns\x64\debug\cards.obj
e:\grov\oop\patterns\x64\debug\source.obj
e:\grov\oop\patterns\x64\debug\vc143.idb
e:\grov\oop\patterns\x64\debug\vc143.pdb
e:\grov\oop\x64\debug\patterns.pdb
e:\grov\oop\patterns\x64\debug\patterns.tlog\cl.command.1.tlog
e:\grov\oop\patterns\x64\debug\patterns.tlog\link-cvtres.read.1.tlog
e:\grov\oop\patterns\x64\debug\patterns.tlog\link-cvtres.write.1.tlog
e:\grov\oop\patterns\x64\debug\patterns.tlog\link-rc.read.1.tlog
e:\grov\oop\patterns\x64\debug\patterns.tlog\link-rc.write.1.tlog
e:\grov\oop\patterns\x64\debug\patterns.tlog\link.10584-cvtres.read.1.tlog
e:\grov\oop\patterns\x64\debug\patterns.tlog\link.10584-cvtres.write.1.tlog
e:\grov\oop\patterns\x64\debug\patterns.tlog\link.10584-rc.read.1.tlog
e:\grov\oop\patterns\x64\debug\patterns.tlog\link.10584-rc.write.1.tlog
e:\grov\oop\patterns\x64\debug\patterns.tlog\link.10584.read.1.tlog
e:\grov\oop\patterns\x64\debug\patterns.tlog\link.10584.read.2.tlog
e:\grov\oop\patterns\x64\debug\patterns.tlog\link.10584.write.1.tlog
e:\grov\oop\patterns\x64\debug\patterns.tlog\link.command.1.tlog
e:\grov\oop\patterns\x64\debug\patterns.tlog\link.read.1.tlog
e:\grov\oop\patterns\x64\debug\patterns.tlog\link.read.3.tlog
e:\grov\oop\patterns\x64\debug\patterns.tlog\link.write.1.tlog
